<?xml version="1.0" encoding="UTF-8"?>
<!-- Generated by org.testng.reporters.JUnitXMLReporter -->
<testsuite hostname="DESKTOP-FGC3E0U" ignored="0" name="Test" tests="3" failures="0" timestamp="09 May 2021 02:55:13 GMT" time="59.652" errors="0">
  <testcase name="test01" time="21.36" classname="com.testcases.Demo1Test"/>
  <testcase name="test01" time="17.021" classname="com.testcases.DemoTest"/>
  <testcase name="TestAction01" time="21.128" classname="com.testcases.Actin_class_test"/>
</testsuite> <!-- Test -->
