<?xml version="1.0" encoding="UTF-8"?>
<testng-results skipped="0" failed="0" ignored="0" total="2" passed="2">
  <reporter-output>
  </reporter-output>
  <suite name="Suite" duration-ms="34483" started-at="2021-05-02T03:55:44Z" finished-at="2021-05-02T03:56:18Z">
    <groups>
    </groups>
    <test name="Test" duration-ms="34483" started-at="2021-05-02T03:55:44Z" finished-at="2021-05-02T03:56:18Z">
      <class name="com.testcases.DemoTest">
        <test-method status="PASS" signature="test01()[pri:0, instance:com.testcases.DemoTest@73f792cf]" name="test01" duration-ms="16079" started-at="2021-05-02T03:56:02Z" finished-at="2021-05-02T03:56:18Z">
          <reporter-output>
          </reporter-output>
        </test-method> <!-- test01 -->
      </class> <!-- com.testcases.DemoTest -->
      <class name="com.testcases.Demo1Test">
        <test-method status="PASS" signature="test01()[pri:0, instance:com.testcases.Demo1Test@79698539]" name="test01" duration-ms="18229" started-at="2021-05-02T03:55:44Z" finished-at="2021-05-02T03:56:02Z">
          <reporter-output>
          </reporter-output>
        </test-method> <!-- test01 -->
      </class> <!-- com.testcases.Demo1Test -->
    </test> <!-- Test -->
  </suite> <!-- Suite -->
</testng-results>
