<?xml version="1.0" encoding="UTF-8"?>
<testng-results skipped="0" failed="0" ignored="0" total="1" passed="1">
  <reporter-output>
  </reporter-output>
  <suite name="Default suite" duration-ms="36568" started-at="2021-05-09T04:59:50Z" finished-at="2021-05-09T05:00:27Z">
    <groups>
    </groups>
    <test name="Default test" duration-ms="36568" started-at="2021-05-09T04:59:50Z" finished-at="2021-05-09T05:00:27Z">
      <class name="com.testcases.DragDropTest">
        <test-method status="PASS" signature="DragnDrop()[pri:0, instance:com.testcases.DragDropTest@8bd1b6a]" name="DragnDrop" duration-ms="36388" started-at="2021-05-09T04:59:50Z" finished-at="2021-05-09T05:00:27Z">
          <reporter-output>
          </reporter-output>
        </test-method> <!-- DragnDrop -->
      </class> <!-- com.testcases.DragDropTest -->
    </test> <!-- Default test -->
  </suite> <!-- Default suite -->
</testng-results>
